<?xml version="1.0" encoding="UTF-8"?>
<testsuite xmlns:xsi="http://www.w3.org/2001/XMLSchema-instance" xsi:noNamespaceSchemaLocation="https://maven.apache.org/surefire/maven-surefire-plugin/xsd/surefire-test-report.xsd" version="3.0.2" name="dev.gabrielsales.outboxworker.OutboxWorkerApplicationTests" time="10.428" tests="1" errors="0" skipped="0" failures="0" flakes="0">
  <properties>
[...]
</properties>
  <testcase name="contextLoads" classname="dev.gabrielsales.outboxworker.OutboxWorkerApplicationTests" time="0.46">
    <system-out><![CDATA[15:26:19.142 [main] INFO org.springframework.test.context.support.AnnotationConfigContextLoaderUtils -- Could not detect default configuration classes for test class [dev.gabrielsales.outboxworker.OutboxWorkerApplicationTests]: OutboxWorkerApplicationTests does not declare any static, non-private, non-final, nested classes annotated with @Configuration.
15:26:19.322 [main] INFO org.springframework.boot.test.context.SpringBootTestContextBootstrapper -- Found @SpringBootConfiguration dev.gabrielsales.outboxworker.OutboxWorkerApplication for test class dev.gabrielsales.outboxworker.OutboxWorkerApplicationTests
15:26:19.472 [main] INFO org.springframework.test.context.support.AnnotationConfigContextLoaderUtils -- Could not detect default configuration classes for test class [dev.gabrielsales.outboxworker.OutboxWorkerApplicationTests]: OutboxWorkerApplicationTests does not declare any static, non-private, non-final, nested classes annotated with @Configuration.
15:26:19.475 [main] INFO org.springframework.boot.test.context.SpringBootTestContextBootstrapper -- Found @SpringBootConfiguration dev.gabrielsales.outboxworker.OutboxWorkerApplication for test class dev.gabrielsales.outboxworker.OutboxWorkerApplicationTests

  .   ____          _            __ _ _
 /\\ / ___'_ __ _ _(_)_ __  __ _ \ \ \ \
( ( )\___ | '_ | '_| | '_ \/ _` | \ \ \ \
 \\/  ___)| |_)| | | | | || (_| |  ) ) ) )
  '  |____| .__|_| |_|_| |_\__, | / / / /
 =========|_|==============|___/=/_/_/_/

 :: Spring Boot ::                (v4.1.0)

2026-06-18T15:26:20.079-03:00  INFO 8172 --- [outbox-worker] [           main] d.g.o.OutboxWorkerApplicationTests       : Starting OutboxWorkerApplicationTests using Java 24.0.2 with PID 8172 (started by Sales in C:\Users\Sales\develop\projeto-opencode\outbox-worker)
2026-06-18T15:26:20.081-03:00  INFO 8172 --- [outbox-worker] [           main] d.g.o.OutboxWorkerApplicationTests       : No active profile set, falling back to 1 default profile: "default"
2026-06-18T15:26:21.305-03:00  INFO 8172 --- [outbox-worker] [           main] .s.d.r.c.RepositoryConfigurationDelegate : Bootstrapping Spring Data JPA repositories in DEFAULT mode.
2026-06-18T15:26:21.376-03:00  INFO 8172 --- [outbox-worker] [           main] .s.d.r.c.RepositoryConfigurationDelegate : Finished Spring Data repository scanning in 58 ms. Found 1 JPA repository interface.
2026-06-18T15:26:22.416-03:00  INFO 8172 --- [outbox-worker] [           main] org.hibernate.orm.jpa                    : HHH008540: Processing PersistenceUnitInfo [name: default]
2026-06-18T15:26:22.574-03:00  INFO 8172 --- [outbox-worker] [           main] org.hibernate.orm.core                   : HHH000001: Hibernate ORM core version 7.4.1.Final
2026-06-18T15:26:23.589-03:00  INFO 8172 --- [outbox-worker] [           main] o.s.o.j.p.SpringPersistenceUnitInfo      : No LoadTimeWeaver setup: ignoring JPA class transformer
2026-06-18T15:26:23.641-03:00  INFO 8172 --- [outbox-worker] [           main] com.zaxxer.hikari.HikariDataSource       : HikariPool-1 - Starting...
2026-06-18T15:26:23.895-03:00  INFO 8172 --- [outbox-worker] [           main] com.zaxxer.hikari.pool.HikariPool        : HikariPool-1 - Added connection conn0: url=jdbc:h2:mem:testdb user=SA
2026-06-18T15:26:23.899-03:00  INFO 8172 --- [outbox-worker] [           main] com.zaxxer.hikari.HikariDataSource       : HikariPool-1 - Start completed.
2026-06-18T15:26:24.009-03:00  INFO 8172 --- [outbox-worker] [           main] org.hibernate.orm.connections.pooling    : HHH10001005: Database info:
	Database JDBC URL [jdbc:h2:mem:testdb]
	Database driver: H2 JDBC Driver
	Database dialect: H2Dialect
	Database version: 2.4.240
	Default catalog/schema: TESTDB/PUBLIC
	Autocommit mode: undefined/unknown
	Isolation level: READ_COMMITTED [default READ_COMMITTED]
	JDBC fetch size: 100
	Pool: DataSourceConnectionProvider
	Minimum pool size: undefined/unknown
	Maximum pool size: undefined/unknown
2026-06-18T15:26:25.791-03:00  INFO 8172 --- [outbox-worker] [           main] org.hibernate.orm.core                   : HHH000489: No JTA platform available (set 'hibernate.transaction.jta.platform' to enable JTA platform integration)
2026-06-18T15:26:25.850-03:00  INFO 8172 --- [outbox-worker] [           main] j.LocalContainerEntityManagerFactoryBean : Initialized JPA EntityManagerFactory for persistence unit 'default'
2026-06-18T15:26:26.422-03:00  INFO 8172 --- [outbox-worker] [           main] o.s.d.j.r.query.QueryEnhancerFactories   : Hibernate is in classpath; If applicable, HQL parser will be used.
2026-06-18T15:26:26.957-03:00  WARN 8172 --- [outbox-worker] [           main] JpaBaseConfiguration$JpaWebConfiguration : spring.jpa.open-in-view is enabled by default. Therefore, database queries may be performed during view rendering. Explicitly configure spring.jpa.open-in-view to disable this warning
2026-06-18T15:26:28.500-03:00  INFO 8172 --- [outbox-worker] [           main] o.s.b.a.e.web.EndpointLinksResolver      : Exposing 1 endpoint beneath base path '/actuator'
2026-06-18T15:26:28.630-03:00  INFO 8172 --- [outbox-worker] [           main] d.g.o.OutboxWorkerApplicationTests       : Started OutboxWorkerApplicationTests in 9.039 seconds (process running for 10.982)
]]></system-out>
    <system-err><![CDATA[Mockito is currently self-attaching to enable the inline-mock-maker. This will no longer work in future releases of the JDK. Please add Mockito as an agent to your build as described in Mockito's documentation: https://javadoc.io/doc/org.mockito/mockito-core/latest/org.mockito/org/mockito/Mockito.html#0.3
WARNING: A Java agent has been loaded dynamically (C:\Users\Sales\.m2\repository\net\bytebuddy\byte-buddy-agent\1.18.10\byte-buddy-agent-1.18.10.jar)
WARNING: If a serviceability tool is in use, please run with -XX:+EnableDynamicAgentLoading to hide this warning
WARNING: If a serviceability tool is not in use, please run with -Djdk.instrument.traceUsage for more information
WARNING: Dynamic loading of agents will be disallowed by default in a future release
]]></system-err>
  </testcase>
</testsuite>