<?xml version="1.0" encoding="UTF-8"?>
<testsuite xmlns:xsi="http://www.w3.org/2001/XMLSchema-instance" xsi:noNamespaceSchemaLocation="https://maven.apache.org/surefire/maven-surefire-plugin/xsd/surefire-test-report.xsd" version="3.0.2" name="dev.gabrielsales.outboxworker.service.OutboxWorkerServiceTest" time="0.385" tests="2" errors="0" skipped="0" failures="0" flakes="0">
  <properties>
[...]
</properties>
  <testcase name="processPendingEvents_shouldPublishEachEvent_when_eventsExist" classname="dev.gabrielsales.outboxworker.service.OutboxWorkerServiceTest" time="0.373">
    <system-out><![CDATA[2026-06-17T22:27:00.563-03:00  INFO 95928 --- [outbox-worker] [           main] d.g.o.service.OutboxWorkerService        : Found 1 pending outbox events
]]></system-out>
  </testcase>
  <testcase name="processPendingEvents_shouldDoNothing_when_noPendingEvents" classname="dev.gabrielsales.outboxworker.service.OutboxWorkerServiceTest" time="0.011"/>
</testsuite>